# JRE version: OpenJDK Runtime Environment (8.0_152-b01) (build 1.8.0_152-release-915-b01)
# Java VM: OpenJDK 64-Bit Server VM (25.152-b01 mixed mode linux-amd64 compressed oops)
Heap:
 PSYoungGen      total 376832K, used 10978K [0x00000000e0000000, 0x00000000fa600000, 0x0000000100000000)
  eden space 321536K, 0% used [0x00000000e0000000,0x00000000e0000000,0x00000000f3a00000)
  from space 55296K, 19% used [0x00000000f3a00000,0x00000000f44b8aa0,0x00000000f7000000)
  to   space 48128K, 0% used [0x00000000f7700000,0x00000000f7700000,0x00000000fa600000)
 ParOldGen       total 183808K, used 125486K [0x00000000a0000000, 0x00000000ab380000, 0x00000000e0000000)
  object space 183808K, 68% used [0x00000000a0000000,0x00000000a7a8b948,0x00000000ab380000)
 Metaspace       used 83010K, capacity 88056K, committed 88320K, reserved 1126400K
  class space    used 10593K, capacity 11756K, committed 11776K, reserved 1048576K
GC Heap History (10 events):
Event: 927.253 GC heap after
Heap after GC invocations=26 (full 3):
 PSYoungGen      total 280576K, used 35308K [0x00000000e0000000, 0x00000000f7b00000, 0x0000000100000000)
  eden space 245248K, 0% used [0x00000000e0000000,0x00000000e0000000,0x00000000eef80000)
  from space 35328K, 99% used [0x00000000eef80000,0x00000000f11fb3b8,0x00000000f1200000)
  to   space 49152K, 0% used [0x00000000f4b00000,0x00000000f4b00000,0x00000000f7b00000)
 ParOldGen       total 108032K, used 100829K [0x00000000a0000000, 0x00000000a6980000, 0x00000000e0000000)
  object space 108032K, 93% used [0x00000000a0000000,0x00000000a62775d8,0x00000000a6980000)
 Metaspace       used 80511K, capacity 85368K, committed 85504K, reserved 1124352K
  class space    used 10325K, capacity 11436K, committed 11520K, reserved 1048576K
}
Event: 927.265 GC heap before
{Heap before GC invocations=27 (full 4):
 PSYoungGen      total 280576K, used 35308K [0x00000000e0000000, 0x00000000f7b00000, 0x0000000100000000)
  eden space 245248K, 0% used [0x00000000e0000000,0x00000000e0000000,0x00000000eef80000)
  from space 35328K, 99% used [0x00000000eef80000,0x00000000f11fb3b8,0x00000000f1200000)
  to   space 49152K, 0% used [0x00000000f4b00000,0x00000000f4b00000,0x00000000f7b00000)
 ParOldGen       total 108032K, used 100829K [0x00000000a0000000, 0x00000000a6980000, 0x00000000e0000000)
  object space 108032K, 93% used [0x00000000a0000000,0x00000000a62775d8,0x00000000a6980000)
 Metaspace       used 80511K, capacity 85368K, committed 85504K, reserved 1124352K
  class space    used 10325K, capacity 11436K, committed 11520K, reserved 1048576K
Event: 927.755 GC heap after
Heap after GC invocations=27 (full 4):
 PSYoungGen      total 280576K, used 16298K [0x00000000e0000000, 0x00000000f7b00000, 0x0000000100000000)
  eden space 245248K, 0% used [0x00000000e0000000,0x00000000e0000000,0x00000000eef80000)
  from space 35328K, 46% used [0x00000000eef80000,0x00000000eff6a9d8,0x00000000f1200000)
  to   space 49152K, 0% used [0x00000000f4b00000,0x00000000f4b00000,0x00000000f7b00000)
 ParOldGen       total 183808K, used 101750K [0x00000000a0000000, 0x00000000ab380000, 0x00000000e0000000)
  object space 183808K, 55% used [0x00000000a0000000,0x00000000a635da18,0x00000000ab380000)
 Metaspace       used 80464K, capacity 85226K, committed 85504K, reserved 1124352K
  class space    used 10310K, capacity 11413K, committed 11520K, reserved 1048576K
}
Event: 928.817 GC heap before
{Heap before GC invocations=28 (full 4):
 PSYoungGen      total 280576K, used 260872K [0x00000000e0000000, 0x00000000f7b00000, 0x0000000100000000)
  eden space 245248K, 99% used [0x00000000e0000000,0x00000000eeed77e0,0x00000000eef80000)
  from space 35328K, 46% used [0x00000000eef80000,0x00000000eff6a9d8,0x00000000f1200000)
  to   space 49152K, 0% used [0x00000000f4b00000,0x00000000f4b00000,0x00000000f7b00000)
 ParOldGen       total 183808K, used 101750K [0x00000000a0000000, 0x00000000ab380000, 0x00000000e0000000)
  object space 183808K, 55% used [0x00000000a0000000,0x00000000a635da18,0x00000000ab380000)
 Metaspace       used 81036K, capacity 85744K, committed 86016K, reserved 1124352K
  class space    used 10361K, capacity 11480K, committed 11520K, reserved 1048576K
Event: 928.888 GC heap after
Heap after GC invocations=28 (full 4):
 PSYoungGen      total 331776K, used 45180K [0x00000000e0000000, 0x00000000f9380000, 0x0000000100000000)
  eden space 282624K, 0% used [0x00000000e0000000,0x00000000e0000000,0x00000000f1400000)
  from space 49152K, 91% used [0x00000000f4b00000,0x00000000f771f068,0x00000000f7b00000)
  to   space 56320K, 0% used [0x00000000f1400000,0x00000000f1400000,0x00000000f4b00000)
 ParOldGen       total 183808K, used 101766K [0x00000000a0000000, 0x00000000ab380000, 0x00000000e0000000)
  object space 183808K, 55% used [0x00000000a0000000,0x00000000a6361a18,0x00000000ab380000)
 Metaspace       used 81036K, capacity 85744K, committed 86016K, reserved 1124352K
  class space    used 10361K, capacity 11480K, committed 11520K, reserved 1048576K
}
Event: 930.919 GC heap before
{Heap before GC invocations=29 (full 4):
 PSYoungGen      total 331776K, used 327565K [0x00000000e0000000, 0x00000000f9380000, 0x0000000100000000)
  eden space 282624K, 99% used [0x00000000e0000000,0x00000000f13c4548,0x00000000f1400000)
  from space 49152K, 91% used [0x00000000f4b00000,0x00000000f771f068,0x00000000f7b00000)
  to   space 56320K, 0% used [0x00000000f1400000,0x00000000f1400000,0x00000000f4b00000)
 ParOldGen       total 183808K, used 101766K [0x00000000a0000000, 0x00000000ab380000, 0x00000000e0000000)
  object space 183808K, 55% used [0x00000000a0000000,0x00000000a6361a18,0x00000000ab380000)
 Metaspace       used 81606K, capacity 86402K, committed 86656K, reserved 1124352K
  class space    used 10432K, capacity 11559K, committed 11648K, reserved 1048576K
Event: 930.944 GC heap after
Heap after GC invocations=29 (full 4):
 PSYoungGen      total 338944K, used 33207K [0x00000000e0000000, 0x00000000fae80000, 0x0000000100000000)
  eden space 282624K, 0% used [0x00000000e0000000,0x00000000e0000000,0x00000000f1400000)
  from space 56320K, 58% used [0x00000000f1400000,0x00000000f346dda8,0x00000000f4b00000)
  to   space 56832K, 0% used [0x00000000f7700000,0x00000000f7700000,0x00000000fae80000)
 ParOldGen       total 183808K, used 101870K [0x00000000a0000000, 0x00000000ab380000, 0x00000000e0000000)
  object space 183808K, 55% used [0x00000000a0000000,0x00000000a637ba48,0x00000000ab380000)
 Metaspace       used 81606K, capacity 86402K, committed 86656K, reserved 1124352K
  class space    used 10432K, capacity 11559K, committed 11648K, reserved 1048576K
}
Event: 2939.022 GC heap before
{Heap before GC invocations=30 (full 4):
 PSYoungGen      total 338944K, used 315831K [0x00000000e0000000, 0x00000000fae80000, 0x0000000100000000)
  eden space 282624K, 100% used [0x00000000e0000000,0x00000000f1400000,0x00000000f1400000)
  from space 56320K, 58% used [0x00000000f1400000,0x00000000f346dda8,0x00000000f4b00000)
  to   space 56832K, 0% used [0x00000000f7700000,0x00000000f7700000,0x00000000fae80000)
 ParOldGen       total 183808K, used 101870K [0x00000000a0000000, 0x00000000ab380000, 0x00000000e0000000)
  object space 183808K, 55% used [0x00000000a0000000,0x00000000a637ba48,0x00000000ab380000)
 Metaspace       used 82541K, capacity 87522K, committed 87808K, reserved 1126400K
  class space    used 10557K, capacity 11737K, committed 11776K, reserved 1048576K
Event: 2939.062 GC heap after
Heap after GC invocations=30 (full 4):
 PSYoungGen      total 369664K, used 11357K [0x00000000e0000000, 0x00000000fa600000, 0x0000000100000000)
  eden space 321536K, 0% used [0x00000000e0000000,0x00000000e0000000,0x00000000f3a00000)
  from space 48128K, 23% used [0x00000000f7700000,0x00000000f82176f8,0x00000000fa600000)
  to   space 55296K, 0% used [0x00000000f3a00000,0x00000000f3a00000,0x00000000f7000000)
 ParOldGen       total 183808K, used 125486K [0x00000000a0000000, 0x00000000ab380000, 0x00000000e0000000)
  object space 183808K, 68% used [0x00000000a0000000,0x00000000a7a8b948,0x00000000ab380000)
 Metaspace       used 82541K, capacity 87522K, committed 87808K, reserved 1126400K
  class space    used 10557K, capacity 11737K, committed 11776K, reserved 1048576K
}
Event: 2956.940 GC heap before
{Heap before GC invocations=31 (full 4):
 PSYoungGen      total 369664K, used 332893K [0x00000000e0000000, 0x00000000fa600000, 0x0000000100000000)
  eden space 321536K, 100% used [0x00000000e0000000,0x00000000f3a00000,0x00000000f3a00000)
  from space 48128K, 23% used [0x00000000f7700000,0x00000000f82176f8,0x00000000fa600000)
  to   space 55296K, 0% used [0x00000000f3a00000,0x00000000f3a00000,0x00000000f7000000)
 ParOldGen       total 183808K, used 125486K [0x00000000a0000000, 0x00000000ab380000, 0x00000000e0000000)
  object space 183808K, 68% used [0x00000000a0000000,0x00000000a7a8b948,0x00000000ab380000)
 Metaspace       used 83010K, capacity 88056K, committed 88320K, reserved 1126400K
  class space    used 10593K, capacity 11756K, committed 11776K, reserved 1048576K

