# JRE version: OpenJDK Runtime Environment (8.0_152-b01) (build 1.8.0_152-release-915-b01)
# Java VM: OpenJDK 64-Bit Server VM (25.152-b01 mixed mode linux-amd64 compressed oops)
Heap:
 PSYoungGen      total 233984K, used 39263K [0x00000000e0000000, 0x00000000f2900000, 0x0000000100000000)
  eden space 186880K, 0% used [0x00000000e0000000,0x00000000e0000000,0x00000000eb680000)
  from space 47104K, 83% used [0x00000000efb00000,0x00000000f2157d88,0x00000000f2900000)
  to   space 34304K, 0% used [0x00000000eb680000,0x00000000eb680000,0x00000000ed800000)
 ParOldGen       total 145920K, used 90349K [0x00000000a0000000, 0x00000000a8e80000, 0x00000000e0000000)
  object space 145920K, 61% used [0x00000000a0000000,0x00000000a583b598,0x00000000a8e80000)
 Metaspace       used 83276K, capacity 87912K, committed 90072K, reserved 1128448K
  class space    used 10423K, capacity 11559K, committed 12032K, reserved 1048576K
GC Heap History (10 events):
Event: 2956.816 GC heap after
Heap after GC invocations=27 (full 3):
 PSYoungGen      total 183296K, used 8180K [0x00000000e0000000, 0x00000000ef480000, 0x0000000100000000)
  eden space 175104K, 0% used [0x00000000e0000000,0x00000000e0000000,0x00000000eab00000)
  from space 8192K, 99% used [0x00000000eec80000,0x00000000ef47d128,0x00000000ef480000)
  to   space 35840K, 0% used [0x00000000eae80000,0x00000000eae80000,0x00000000ed180000)
 ParOldGen       total 98816K, used 97075K [0x00000000a0000000, 0x00000000a6080000, 0x00000000e0000000)
  object space 98816K, 98% used [0x00000000a0000000,0x00000000a5eccc70,0x00000000a6080000)
 Metaspace       used 83424K, capacity 89054K, committed 89304K, reserved 1126400K
  class space    used 10685K, capacity 12025K, committed 12032K, reserved 1048576K
}
Event: 2956.816 GC heap before
{Heap before GC invocations=28 (full 4):
 PSYoungGen      total 183296K, used 8180K [0x00000000e0000000, 0x00000000ef480000, 0x0000000100000000)
  eden space 175104K, 0% used [0x00000000e0000000,0x00000000e0000000,0x00000000eab00000)
  from space 8192K, 99% used [0x00000000eec80000,0x00000000ef47d128,0x00000000ef480000)
  to   space 35840K, 0% used [0x00000000eae80000,0x00000000eae80000,0x00000000ed180000)
 ParOldGen       total 98816K, used 97075K [0x00000000a0000000, 0x00000000a6080000, 0x00000000e0000000)
  object space 98816K, 98% used [0x00000000a0000000,0x00000000a5eccc70,0x00000000a6080000)
 Metaspace       used 83424K, capacity 89054K, committed 89304K, reserved 1126400K
  class space    used 10685K, capacity 12025K, committed 12032K, reserved 1048576K
Event: 2957.287 GC heap after
Heap after GC invocations=28 (full 4):
 PSYoungGen      total 183296K, used 0K [0x00000000e0000000, 0x00000000ef480000, 0x0000000100000000)
  eden space 175104K, 0% used [0x00000000e0000000,0x00000000e0000000,0x00000000eab00000)
  from space 8192K, 0% used [0x00000000eec80000,0x00000000eec80000,0x00000000ef480000)
  to   space 35840K, 0% used [0x00000000eae80000,0x00000000eae80000,0x00000000ed180000)
 ParOldGen       total 145920K, used 70774K [0x00000000a0000000, 0x00000000a8e80000, 0x00000000e0000000)
  object space 145920K, 48% used [0x00000000a0000000,0x00000000a451dba0,0x00000000a8e80000)
 Metaspace       used 81672K, capacity 86250K, committed 89304K, reserved 1126400K
  class space    used 10307K, capacity 11440K, committed 12032K, reserved 1048576K
}
Event: 2958.257 GC heap before
{Heap before GC invocations=29 (full 4):
 PSYoungGen      total 183296K, used 175104K [0x00000000e0000000, 0x00000000ef480000, 0x0000000100000000)
  eden space 175104K, 100% used [0x00000000e0000000,0x00000000eab00000,0x00000000eab00000)
  from space 8192K, 0% used [0x00000000eec80000,0x00000000eec80000,0x00000000ef480000)
  to   space 35840K, 0% used [0x00000000eae80000,0x00000000eae80000,0x00000000ed180000)
 ParOldGen       total 145920K, used 70774K [0x00000000a0000000, 0x00000000a8e80000, 0x00000000e0000000)
  object space 145920K, 48% used [0x00000000a0000000,0x00000000a451dba0,0x00000000a8e80000)
 Metaspace       used 81880K, capacity 86442K, committed 89304K, reserved 1126400K
  class space    used 10310K, capacity 11440K, committed 12032K, reserved 1048576K
Event: 2958.268 GC heap after
Heap after GC invocations=29 (full 4):
 PSYoungGen      total 214528K, used 9504K [0x00000000e0000000, 0x00000000efa00000, 0x0000000100000000)
  eden space 178688K, 0% used [0x00000000e0000000,0x00000000e0000000,0x00000000eae80000)
  from space 35840K, 26% used [0x00000000eae80000,0x00000000eb7c80d0,0x00000000ed180000)
  to   space 34816K, 0% used [0x00000000ed800000,0x00000000ed800000,0x00000000efa00000)
 ParOldGen       total 145920K, used 70782K [0x00000000a0000000, 0x00000000a8e80000, 0x00000000e0000000)
  object space 145920K, 48% used [0x00000000a0000000,0x00000000a451fba0,0x00000000a8e80000)
 Metaspace       used 81880K, capacity 86442K, committed 89304K, reserved 1126400K
  class space    used 10310K, capacity 11440K, committed 12032K, reserved 1048576K
}
Event: 2960.430 GC heap before
{Heap before GC invocations=30 (full 4):
 PSYoungGen      total 214528K, used 188192K [0x00000000e0000000, 0x00000000efa00000, 0x0000000100000000)
  eden space 178688K, 100% used [0x00000000e0000000,0x00000000eae80000,0x00000000eae80000)
  from space 35840K, 26% used [0x00000000eae80000,0x00000000eb7c80d0,0x00000000ed180000)
  to   space 34816K, 0% used [0x00000000ed800000,0x00000000ed800000,0x00000000efa00000)
 ParOldGen       total 145920K, used 70782K [0x00000000a0000000, 0x00000000a8e80000, 0x00000000e0000000)
  object space 145920K, 48% used [0x00000000a0000000,0x00000000a451fba0,0x00000000a8e80000)
 Metaspace       used 82383K, capacity 87004K, committed 89304K, reserved 1126400K
  class space    used 10327K, capacity 11449K, committed 12032K, reserved 1048576K
Event: 2960.453 GC heap after
Heap after GC invocations=30 (full 4):
 PSYoungGen      total 221696K, used 4768K [0x00000000e0000000, 0x00000000f0000000, 0x0000000100000000)
  eden space 186880K, 0% used [0x00000000e0000000,0x00000000e0000000,0x00000000eb680000)
  from space 34816K, 13% used [0x00000000ed800000,0x00000000edca8010,0x00000000efa00000)
  to   space 34304K, 0% used [0x00000000eb680000,0x00000000eb680000,0x00000000ed800000)
 ParOldGen       total 145920K, used 70782K [0x00000000a0000000, 0x00000000a8e80000, 0x00000000e0000000)
  object space 145920K, 48% used [0x00000000a0000000,0x00000000a451fba0,0x00000000a8e80000)
 Metaspace       used 82383K, capacity 87004K, committed 89304K, reserved 1126400K
  class space    used 10327K, capacity 11449K, committed 12032K, reserved 1048576K
}
Event: 2961.427 GC heap before
{Heap before GC invocations=31 (full 4):
 PSYoungGen      total 221696K, used 191648K [0x00000000e0000000, 0x00000000f0000000, 0x0000000100000000)
  eden space 186880K, 100% used [0x00000000e0000000,0x00000000eb680000,0x00000000eb680000)
  from space 34816K, 13% used [0x00000000ed800000,0x00000000edca8010,0x00000000efa00000)
  to   space 34304K, 0% used [0x00000000eb680000,0x00000000eb680000,0x00000000ed800000)
 ParOldGen       total 145920K, used 70782K [0x00000000a0000000, 0x00000000a8e80000, 0x00000000e0000000)
  object space 145920K, 48% used [0x00000000a0000000,0x00000000a451fba0,0x00000000a8e80000)
 Metaspace       used 83189K, capacity 87820K, committed 90072K, reserved 1128448K
  class space    used 10418K, capacity 11551K, committed 12032K, reserved 1048576K
Event: 2961.450 GC heap after
Heap after GC invocations=31 (full 4):
 PSYoungGen      total 221184K, used 34276K [0x00000000e0000000, 0x00000000f2900000, 0x0000000100000000)
  eden space 186880K, 0% used [0x00000000e0000000,0x00000000e0000000,0x00000000eb680000)
  from space 34304K, 99% used [0x00000000eb680000,0x00000000ed7f9158,0x00000000ed800000)
  to   space 47104K, 0% used [0x00000000efb00000,0x00000000efb00000,0x00000000f2900000)
 ParOldGen       total 145920K, used 90341K [0x00000000a0000000, 0x00000000a8e80000, 0x00000000e0000000)
  object space 145920K, 61% used [0x00000000a0000000,0x00000000a5839598,0x00000000a8e80000)
 Metaspace       used 83189K, capacity 87820K, committed 90072K, reserved 1128448K
  class space    used 10418K, capacity 11551K, committed 12032K, reserved 1048576K
}
Event: 2962.394 GC heap before
{Heap before GC invocations=32 (full 4):
 PSYoungGen      total 221184K, used 221156K [0x00000000e0000000, 0x00000000f2900000, 0x0000000100000000)
  eden space 186880K, 100% used [0x00000000e0000000,0x00000000eb680000,0x00000000eb680000)
  from space 34304K, 99% used [0x00000000eb680000,0x00000000ed7f9158,0x00000000ed800000)
  to   space 47104K, 0% used [0x00000000efb00000,0x00000000efb00000,0x00000000f2900000)
 ParOldGen       total 145920K, used 90341K [0x00000000a0000000, 0x00000000a8e80000, 0x00000000e0000000)
  object space 145920K, 61% used [0x00000000a0000000,0x00000000a5839598,0x00000000a8e80000)
 Metaspace       used 83276K, capacity 87912K, committed 90072K, reserved 1128448K
  class space    used 10423K, capacity 11559K, committed 12032K, reserved 1048576K

